<?xml version="1.0" encoding="UTF-8"?>
<!-- Generated by org.testng.reporters.JUnitXMLReporter -->
<testsuite hostname="DESKTOP-TDJ6NPK" ignored="0" name="Test" tests="3" failures="1" timestamp="2021-12-27T15:26:02 IST" time="163.908" errors="0">
  <testcase name="createQuoteUnderMoreInformationWithOutMandatoryFieldsTest" time="53.12" classname="com.crm.Jiwaku_Project.testscripts.TC_46"/>
  <testcase name="tC_01_CreateContatcWithOrgNameTest" time="33.808" classname="com.crm.Jiwaku_Project.testscripts.TC_01_CreateContatcWithOrgName"/>
  <testcase name="createSalesOrderUnderMoreInformationUsingAddSalesOrderTest" time="76.759" classname="com.crm.Jiwaku_Project.testscripts.TC_47CreateSalesOrderUnderMoreInformationUsingAddSalesOrderTest">
    <failure type="java.lang.NullPointerException">
      <![CDATA[java.lang.NullPointerException
at com.crm.Jiwaku_Project_Genericutils.ExcelUtility.getExcelData(ExcelUtility.java:23)
at com.crm.Jiwaku_Project.PomRepository.CreatingNewSalesOrderPage.provideMandatoryFields(CreatingNewSalesOrderPage.java:104)
at com.crm.Jiwaku_Project.testscripts.TC_47CreateSalesOrderUnderMoreInformationUsingAddSalesOrderTest.createSalesOrderUnderMoreInformationUsingAddSalesOrderTest(TC_47CreateSalesOrderUnderMoreInformationUsingAddSalesOrderTest.java:58)
at java.util.ArrayList.forEach(Unknown Source)
... Removed 27 stack frames]]>
    </failure>
  </testcase> <!-- createSalesOrderUnderMoreInformationUsingAddSalesOrderTest -->
</testsuite> <!-- Test -->
