<?xml version="1.0" encoding="UTF-8"?>
<testng-results skipped="0" failed="0" ignored="0" total="1" passed="1">
  <reporter-output>
  </reporter-output>
  <suite name="Default suite" duration-ms="145" started-at="2021-12-28T11:59:04 IST" finished-at="2021-12-28T11:59:05 IST">
    <groups>
    </groups>
    <test name="Default test" duration-ms="145" started-at="2021-12-28T11:59:04 IST" finished-at="2021-12-28T11:59:05 IST">
      <class name="com.AutomateTestScripts.Calci">
        <test-method status="PASS" signature="lamdaExpression()[pri:0, instance:com.AutomateTestScripts.Calci@23fe1d71]" name="lamdaExpression" duration-ms="33" started-at="2021-12-28T11:59:05 IST" finished-at="2021-12-28T11:59:05 IST">
          <reporter-output>
          </reporter-output>
        </test-method> <!-- lamdaExpression -->
      </class> <!-- com.AutomateTestScripts.Calci -->
    </test> <!-- Default test -->
  </suite> <!-- Default suite -->
</testng-results>
